Using pre-set license
<<<<<<< HEAD
Built from '2021.1/staging' branch; Version is '2021.1.7f1 (d91830b65d9b) revision 14227504'; Using compiler version '192528614'; Build Type 'Release'
OS: 'Windows 10 Home; OS build 19042.985; Version 2009; 64bit' Language: 'zh' Physical Memory: 32599 MB
BatchMode: 1, IsHumanControllingUs: 0, StartBugReporterOnCrash: 0, Is64bit: 1, IsPro: 0

 COMMAND LINE ARGUMENTS:
C:\Program Files\Unity\Hub\Editor\2021.1.7f1\Editor\Unity.exe
=======
Built from '2021.1/release' branch; Version is '2021.1.1f1 (6fdc41dfa55a) revision 7330881'; Using compiler version '192528614'; Build Type 'Release'
OS: 'Windows 10 Home; OS build 21313.1000; Version 2009; 64bit' Language: 'zh' Physical Memory: 16304 MB
BatchMode: 1, IsHumanControllingUs: 0, StartBugReporterOnCrash: 0, Is64bit: 1, IsPro: 0

 COMMAND LINE ARGUMENTS:
D:\Unity\2021.1.1f1\Editor\Unity.exe
>>>>>>> a9b4de8e48df11627b822bb16c2f1fd9368bd724
-adb2
-batchMode
-noUpm
-name
AssetImportWorker0
-projectPath
C:/Users/ija/Desktop/Works/Tetris
-logFile
Logs/AssetImportWorker0.log
-srvPort
<<<<<<< HEAD
52764
Successfully changed project path to: C:/Users/user/Dropbox/我的電腦 (LAPTOP-7UDQ3V86)/Desktop/Works/Tetris
C:/Users/user/Dropbox/我的電腦 (LAPTOP-7UDQ3V86)/Desktop/Works/Tetris
Using Asset Import Pipeline V2.
Refreshing native plugins compatible for Editor in 44.75 ms, found 1 plugins.
Preloading 0 native plugins for Editor in 0.00 ms.
Initialize engine version: 2021.1.7f1 (d91830b65d9b)
[Subsystems] Discovering subsystems at path C:/Program Files/Unity/Hub/Editor/2021.1.7f1/Editor/Data/Resources/UnitySubsystems
[Subsystems] Discovering subsystems at path C:/Users/user/Dropbox/我的電腦 (LAPTOP-7UDQ3V86)/Desktop/Works/Tetris/Assets
=======
50612
Successfully changed project path to: C:/Users/ija/Desktop/Works/Tetris
C:/Users/ija/Desktop/Works/Tetris
Using Asset Import Pipeline V2.
Refreshing native plugins compatible for Editor in 68.51 ms, found 1 plugins.
Preloading 0 native plugins for Editor in 0.00 ms.
Initialize engine version: 2021.1.1f1 (6fdc41dfa55a)
[Subsystems] Discovering subsystems at path D:/Unity/2021.1.1f1/Editor/Data/Resources/UnitySubsystems
[Subsystems] Discovering subsystems at path C:/Users/ija/Desktop/Works/Tetris/Assets
>>>>>>> a9b4de8e48df11627b822bb16c2f1fd9368bd724
GfxDevice: creating device client; threaded=0; jobified=0
Direct3D:
    Version:  Direct3D 11.0 [level 11.1]
    Renderer: NVIDIA GeForce GTX 1660 Ti (ID=0x2191)
    Vendor:   NVIDIA
    VRAM:     5991 MB
    Driver:   27.21.14.6192
Initialize mono
<<<<<<< HEAD
Mono path[0] = 'C:/Program Files/Unity/Hub/Editor/2021.1.7f1/Editor/Data/Managed'
Mono path[1] = 'C:/Program Files/Unity/Hub/Editor/2021.1.7f1/Editor/Data/MonoBleedingEdge/lib/mono/unityjit'
Mono config path = 'C:/Program Files/Unity/Hub/Editor/2021.1.7f1/Editor/Data/MonoBleedingEdge/etc'
Using monoOptions --debugger-agent=transport=dt_socket,embedding=1,server=y,suspend=n,address=127.0.0.1:56908
Begin MonoManager ReloadAssembly
Registering precompiled unity dll's ...
Register platform support module: C:/Program Files/Unity/Hub/Editor/2021.1.7f1/Editor/Data/PlaybackEngines/WindowsStandaloneSupport/UnityEditor.WindowsStandalone.Extensions.dll
Registered in 0.002005 seconds.
Native extension for WindowsStandalone target not found
Refreshing native plugins compatible for Editor in 48.92 ms, found 1 plugins.
Preloading 0 native plugins for Editor in 0.00 ms.
Mono: successfully reloaded assembly
- Completed reload, in  1.312 seconds
Platform modules already initialized, skipping
Registering precompiled user dll's ...
Registered in 0.001002 seconds.
Begin MonoManager ReloadAssembly
Native extension for WindowsStandalone target not found
Refreshing native plugins compatible for Editor in 39.34 ms, found 1 plugins.
Preloading 0 native plugins for Editor in 0.00 ms.
Mono: successfully reloaded assembly
- Completed reload, in  1.289 seconds
Platform modules already initialized, skipping
========================================================================
Worker process is ready to serve import requests
Launched and connected shader compiler UnityShaderCompiler.exe after 0.04 seconds
Refreshing native plugins compatible for Editor in 0.58 ms, found 1 plugins.
Preloading 0 native plugins for Editor in 0.00 ms.
Unloading 1840 Unused Serialized files (Serialized files now loaded: 0)
System memory in use before: 89.8 MB.
System memory in use after: 89.9 MB.

Unloading 19 unused Assets to reduce memory usage. Loaded Objects now: 2307.
Total: 2.782700 ms (FindLiveObjects: 0.194700 ms CreateObjectMapping: 0.097100 ms MarkObjects: 2.435900 ms  DeleteObjects: 0.053700 ms)

========================================================================
Received Import Request.
  path: Assets/presprot.cs
  artifactKey: Guid(a14037be461d47043860c87d45a4c58a) Importer(815301076,1909f56bfc062723c751e8b465ee728b)
Start importing Assets/presprot.cs using Guid(a14037be461d47043860c87d45a4c58a) Importer(815301076,1909f56bfc062723c751e8b465ee728b)  -> (artifact id: '0f2b4a1236f4d7fe965bba1931ab01c0') in 0.041048 seconds 
========================================================================
Received Import Request.
  Time since last request: 114.559385 seconds.
  path: Assets/presprot.cs
  artifactKey: Guid(a14037be461d47043860c87d45a4c58a) Importer(815301076,1909f56bfc062723c751e8b465ee728b)
Start importing Assets/presprot.cs using Guid(a14037be461d47043860c87d45a4c58a) Importer(815301076,1909f56bfc062723c751e8b465ee728b)  -> (artifact id: 'fb5596471ed7c1242338c1263a95aaf9') in 0.022432 seconds 
========================================================================
Received Prepare
Registering precompiled user dll's ...
Registered in 0.036241 seconds.
Begin MonoManager ReloadAssembly
Native extension for WindowsStandalone target not found
Refreshing native plugins compatible for Editor in 0.36 ms, found 1 plugins.
Preloading 0 native plugins for Editor in 0.00 ms.
Mono: successfully reloaded assembly
- Completed reload, in  0.883 seconds
Platform modules already initialized, skipping
Refreshing native plugins compatible for Editor in 0.34 ms, found 1 plugins.
Preloading 0 native plugins for Editor in 0.00 ms.
Unloading 1830 Unused Serialized files (Serialized files now loaded: 0)
System memory in use before: 89.3 MB.
System memory in use after: 89.4 MB.

Unloading 8 unused Assets to reduce memory usage. Loaded Objects now: 2311.
Total: 1.975900 ms (FindLiveObjects: 0.156800 ms CreateObjectMapping: 0.071800 ms MarkObjects: 1.734100 ms  DeleteObjects: 0.012100 ms)

========================================================================
Received Prepare
Registering precompiled user dll's ...
Registered in 0.001270 seconds.
Begin MonoManager ReloadAssembly
Native extension for WindowsStandalone target not found
Refreshing native plugins compatible for Editor in 0.35 ms, found 1 plugins.
Preloading 0 native plugins for Editor in 0.00 ms.
Mono: successfully reloaded assembly
- Completed reload, in  0.890 seconds
Platform modules already initialized, skipping
Refreshing native plugins compatible for Editor in 0.29 ms, found 1 plugins.
Preloading 0 native plugins for Editor in 0.00 ms.
Unloading 1830 Unused Serialized files (Serialized files now loaded: 0)
System memory in use before: 89.3 MB.
System memory in use after: 89.4 MB.

Unloading 8 unused Assets to reduce memory usage. Loaded Objects now: 2314.
Total: 2.006000 ms (FindLiveObjects: 0.132700 ms CreateObjectMapping: 0.077900 ms MarkObjects: 1.784100 ms  DeleteObjects: 0.010700 ms)

========================================================================
Received Import Request.
  Time since last request: 326.146825 seconds.
  path: Assets/組合圖檔
  artifactKey: Guid(b1150188fd1adbd409e19b7c8ebefa85) Importer(815301076,1909f56bfc062723c751e8b465ee728b)
Start importing Assets/組合圖檔 using Guid(b1150188fd1adbd409e19b7c8ebefa85) Importer(815301076,1909f56bfc062723c751e8b465ee728b)  -> (artifact id: '6f10b4a567e5cb6ef01efeadb00d103c') in 0.013128 seconds 
========================================================================
Received Import Request.
  Time since last request: 188.828051 seconds.
  path: Packages/com.unity.2d.spriteshape/Editor/ObjectMenuCreation/DefaultAssets/Sprite Shapes/Closed Sprite Shape.prefab
  artifactKey: Guid(c0583b4e855c74b8c82e7b9b5efb5ce9) Importer(815301076,1909f56bfc062723c751e8b465ee728b)
Start importing Packages/com.unity.2d.spriteshape/Editor/ObjectMenuCreation/DefaultAssets/Sprite Shapes/Closed Sprite Shape.prefab using Guid(c0583b4e855c74b8c82e7b9b5efb5ce9) Importer(815301076,1909f56bfc062723c751e8b465ee728b)  -> (artifact id: 'ab3f87684b491a9e229b887c3efe7861') in 0.080887 seconds 
========================================================================
Received Import Request.
  Time since last request: 0.000475 seconds.
  path: Packages/com.unity.2d.spriteshape/Editor/ObjectMenuCreation/DefaultAssets/Sprite Shapes/Open Sprite Shape.prefab
  artifactKey: Guid(86ae7de409eb54f619fb1328e4d42480) Importer(815301076,1909f56bfc062723c751e8b465ee728b)
Start importing Packages/com.unity.2d.spriteshape/Editor/ObjectMenuCreation/DefaultAssets/Sprite Shapes/Open Sprite Shape.prefab using Guid(86ae7de409eb54f619fb1328e4d42480) Importer(815301076,1909f56bfc062723c751e8b465ee728b)  -> (artifact id: 'ea5dae6e4ce1187529a9fa226073efb6') in 0.013955 seconds 
========================================================================
Received Import Request.
  Time since last request: 10.473057 seconds.
  path: Packages/com.unity.ext.nunit/package.json
  artifactKey: Guid(8143d3a8390f2c64685e3bc272bd9e90) Importer(815301076,1909f56bfc062723c751e8b465ee728b)
Start importing Packages/com.unity.ext.nunit/package.json using Guid(8143d3a8390f2c64685e3bc272bd9e90) Importer(815301076,1909f56bfc062723c751e8b465ee728b)  -> (artifact id: 'fd28aabac8372bbe41dd764686e30443') in 0.040786 seconds 
========================================================================
Received Import Request.
  Time since last request: 0.643306 seconds.
  path: Packages/com.unity.2d.spriteshape/package.json
  artifactKey: Guid(4eabc3d1ad1424372b03cfc117521e24) Importer(815301076,1909f56bfc062723c751e8b465ee728b)
Start importing Packages/com.unity.2d.spriteshape/package.json using Guid(4eabc3d1ad1424372b03cfc117521e24) Importer(815301076,1909f56bfc062723c751e8b465ee728b)  -> (artifact id: '3e4610a2ac93732b7fca92ae4017f958') in 0.023993 seconds 
========================================================================
Received Import Request.
  Time since last request: 0.471113 seconds.
  path: Packages/com.unity.2d.sprite/package.json
  artifactKey: Guid(7dc5f1e5d04ac8549ac21802071e983b) Importer(815301076,1909f56bfc062723c751e8b465ee728b)
Start importing Packages/com.unity.2d.sprite/package.json using Guid(7dc5f1e5d04ac8549ac21802071e983b) Importer(815301076,1909f56bfc062723c751e8b465ee728b)  -> (artifact id: 'c889ed47c73ac2761ac9ced28187a303') in 0.010356 seconds 
========================================================================
Received Import Request.
  Time since last request: 0.327250 seconds.
  path: Packages/com.unity.2d.pixel-perfect/package.json
  artifactKey: Guid(b1c570008ebc15d4183516ca5722a39e) Importer(815301076,1909f56bfc062723c751e8b465ee728b)
Start importing Packages/com.unity.2d.pixel-perfect/package.json using Guid(b1c570008ebc15d4183516ca5722a39e) Importer(815301076,1909f56bfc062723c751e8b465ee728b)  -> (artifact id: '85714204fa96ac5f1a04523a99c516cc') in 0.026003 seconds 
========================================================================
Received Import Request.
  Time since last request: 0.223396 seconds.
  path: Packages/com.unity.2d.path/package.json
  artifactKey: Guid(990785fe75c54584ab4201a3e20e1655) Importer(815301076,1909f56bfc062723c751e8b465ee728b)
Start importing Packages/com.unity.2d.path/package.json using Guid(990785fe75c54584ab4201a3e20e1655) Importer(815301076,1909f56bfc062723c751e8b465ee728b)  -> (artifact id: 'c7ba17322f4fb1de3dbce8de085fa516') in 0.010107 seconds 
========================================================================
Received Import Request.
  Time since last request: 8.092434 seconds.
  path: Packages/com.unity.2d.animation/package.json
  artifactKey: Guid(9e83c20a8293f44ec8a375d3805f477d) Importer(815301076,1909f56bfc062723c751e8b465ee728b)
Start importing Packages/com.unity.2d.animation/package.json using Guid(9e83c20a8293f44ec8a375d3805f477d) Importer(815301076,1909f56bfc062723c751e8b465ee728b)  -> (artifact id: '1991dad016a27894c2203e824a137128') in 0.013107 seconds 
========================================================================
Received Import Request.
  Time since last request: 3.662679 seconds.
  path: Packages/com.unity.ide.vscode/package.json
  artifactKey: Guid(ffc6271f08270b64ca0aae9c49235d81) Importer(815301076,1909f56bfc062723c751e8b465ee728b)
Start importing Packages/com.unity.ide.vscode/package.json using Guid(ffc6271f08270b64ca0aae9c49235d81) Importer(815301076,1909f56bfc062723c751e8b465ee728b)  -> (artifact id: '76f39716bf1fd71faa14297625dc1bbc') in 0.024446 seconds 
=======
Mono path[0] = 'D:/Unity/2021.1.1f1/Editor/Data/Managed'
Mono path[1] = 'D:/Unity/2021.1.1f1/Editor/Data/MonoBleedingEdge/lib/mono/unityjit'
Mono config path = 'D:/Unity/2021.1.1f1/Editor/Data/MonoBleedingEdge/etc'
Using monoOptions --debugger-agent=transport=dt_socket,embedding=1,server=y,suspend=n,address=127.0.0.1:56728
Begin MonoManager ReloadAssembly
Registering precompiled unity dll's ...
Register platform support module: D:/Unity/2021.1.1f1/Editor/Data/PlaybackEngines/WindowsStandaloneSupport/UnityEditor.WindowsStandalone.Extensions.dll
Registered in 0.001903 seconds.
Native extension for WindowsStandalone target not found
Refreshing native plugins compatible for Editor in 75.16 ms, found 1 plugins.
Preloading 0 native plugins for Editor in 0.00 ms.
Mono: successfully reloaded assembly
- Completed reload, in  5.464 seconds
Platform modules already initialized, skipping
Registering precompiled user dll's ...
Registered in 0.002218 seconds.
Begin MonoManager ReloadAssembly
Native extension for WindowsStandalone target not found
Refreshing native plugins compatible for Editor in 65.55 ms, found 1 plugins.
Preloading 0 native plugins for Editor in 0.00 ms.
Mono: successfully reloaded assembly
- Completed reload, in  2.407 seconds
Platform modules already initialized, skipping
========================================================================
Worker process is ready to serve import requests
Launched and connected shader compiler UnityShaderCompiler.exe after 0.13 seconds
Refreshing native plugins compatible for Editor in 0.47 ms, found 1 plugins.
Preloading 0 native plugins for Editor in 0.00 ms.
Unloading 1833 Unused Serialized files (Serialized files now loaded: 0)
System memory in use before: 89.6 MB.
System memory in use after: 89.7 MB.

Unloading 19 unused Assets to reduce memory usage. Loaded Objects now: 2299.
Total: 4.676900 ms (FindLiveObjects: 0.209400 ms CreateObjectMapping: 0.103600 ms MarkObjects: 3.215000 ms  DeleteObjects: 1.146600 ms)

========================================================================
Received Import Request.
  path: Assets/GameLogic.cs
  artifactKey: Guid(637fb26d3cd4c8841b163ac575700130) Importer(815301076,1909f56bfc062723c751e8b465ee728b)
Start importing Assets/GameLogic.cs using Guid(637fb26d3cd4c8841b163ac575700130) Importer(815301076,1909f56bfc062723c751e8b465ee728b)  -> (artifact id: 'fadfd1718e1bee95ef16b9b8f9d05d1f') in 0.122904 seconds 
========================================================================
Received Import Request.
  Time since last request: 3.298069 seconds.
  path: Assets/ScoreComputing.cs
  artifactKey: Guid(1f65776e11cd8ea439ccde772f80b234) Importer(815301076,1909f56bfc062723c751e8b465ee728b)
Start importing Assets/ScoreComputing.cs using Guid(1f65776e11cd8ea439ccde772f80b234) Importer(815301076,1909f56bfc062723c751e8b465ee728b)  -> (artifact id: '2f42ecc04e14d96795e8325f89a06080') in 0.004228 seconds 
========================================================================
Received Import Request.
  Time since last request: 205.492886 seconds.
  path: Assets/sport.cs
  artifactKey: Guid(86577d9863dbbb84ea9e6bf750fdacc3) Importer(815301076,1909f56bfc062723c751e8b465ee728b)
Start importing Assets/sport.cs using Guid(86577d9863dbbb84ea9e6bf750fdacc3) Importer(815301076,1909f56bfc062723c751e8b465ee728b)  -> (artifact id: '1a3e402578996980d902e9adb2821fdc') in 0.007096 seconds 
========================================================================
Received Prepare
Registering precompiled user dll's ...
Registered in 0.001885 seconds.
Begin MonoManager ReloadAssembly
Native extension for WindowsStandalone target not found
Refreshing native plugins compatible for Editor in 0.52 ms, found 1 plugins.
Preloading 0 native plugins for Editor in 0.00 ms.
Mono: successfully reloaded assembly
- Completed reload, in  1.760 seconds
Platform modules already initialized, skipping
Switching build target platform(19) subTarget(0) extendedPlatform(0) -> platform(13) subTarget(537395200) extendedPlatform(0)
Refreshing native plugins compatible for Editor in 0.51 ms, found 1 plugins.
Preloading 0 native plugins for Editor in 0.00 ms.
Unloading 1826 Unused Serialized files (Serialized files now loaded: 0)
System memory in use before: 89.0 MB.
System memory in use after: 89.2 MB.

Unloading 8 unused Assets to reduce memory usage. Loaded Objects now: 2302.
Total: 3.115500 ms (FindLiveObjects: 0.225500 ms CreateObjectMapping: 0.166600 ms MarkObjects: 2.699800 ms  DeleteObjects: 0.022500 ms)

AssetImportParameters requested are different than current active one (requested -> active):
  custom:graphics/normal-map-encoding: 01000000000000000000000000000000 -> 02000000000000000000000000000000
>>>>>>> a9b4de8e48df11627b822bb16c2f1fd9368bd724
AssetImportWorkerClient::OnTransportError - code=2 error=End of file
