Using pre-set license
Built from '2020.2/release' branch; Version is '2020.2.1f1 (270dd8c3da1c) revision 2559448'; Using compiler version '192528614'; Build Type 'Release'
OS: 'Windows 10  (10.0.0) 64bit' Language: 'zh' Physical Memory: 14252 MB
BatchMode: 1, IsHumanControllingUs: 0, StartBugReporterOnCrash: 0, Is64bit: 1, IsPro: 0

 COMMAND LINE ARGUMENTS:
C:\Program Files\Unity\Hub\Editor\2020.2.1f1\Editor\Unity.exe
-adb2
-batchMode
-noUpm
-name
AssetImportWorker0
-projectPath
C:/Users/user/Desktop/mapu/Works/Tetris
-logFile
Logs/AssetImportWorker0.log
-srvPort
55131
Successfully changed project path to: C:/Users/user/Desktop/mapu/Works/Tetris
C:/Users/user/Desktop/mapu/Works/Tetris
Using Asset Import Pipeline V2.
Refreshing native plugins compatible for Editor in 48.13 ms, found 1 plugins.
Preloading 0 native plugins for Editor in 0.00 ms.
Initialize engine version: 2020.2.1f1 (270dd8c3da1c)
[Subsystems] Discovering subsystems at path C:/Program Files/Unity/Hub/Editor/2020.2.1f1/Editor/Data/Resources/UnitySubsystems
[Subsystems] Discovering subsystems at path C:/Users/user/Desktop/mapu/Works/Tetris/Assets
GfxDevice: creating device client; threaded=0
Direct3D:
    Version:  Direct3D 11.0 [level 11.1]
    Renderer: AMD Radeon(TM) RX Vega 10 Graphics (ID=0x15d8)
    Vendor:   
    VRAM:     7126 MB
    Driver:   26.20.13031.1002
Initialize mono
Mono path[0] = 'C:/Program Files/Unity/Hub/Editor/2020.2.1f1/Editor/Data/Managed'
Mono path[1] = 'C:/Program Files/Unity/Hub/Editor/2020.2.1f1/Editor/Data/MonoBleedingEdge/lib/mono/unityjit'
Mono config path = 'C:/Program Files/Unity/Hub/Editor/2020.2.1f1/Editor/Data/MonoBleedingEdge/etc'
Using monoOptions --debugger-agent=transport=dt_socket,embedding=1,server=y,suspend=n,address=127.0.0.1:56244
Begin MonoManager ReloadAssembly
Registering precompiled unity dll's ...
Register platform support module: C:/Program Files/Unity/Hub/Editor/2020.2.1f1/Editor/Data/PlaybackEngines/WindowsStandaloneSupport/UnityEditor.WindowsStandalone.Extensions.dll
Registered in 0.002140 seconds.
Native extension for WindowsStandalone target not found
Refreshing native plugins compatible for Editor in 57.04 ms, found 1 plugins.
Preloading 0 native plugins for Editor in 0.00 ms.
Invoked RoslynAnalysisRunner static constructor.
RoslynAnalysisRunner will not be running.
RoslynAnalysisRunner has terminated.
Mono: successfully reloaded assembly
- Completed reload, in  2.509 seconds
Platform modules already initialized, skipping
Registering precompiled user dll's ...
Registered in 0.001072 seconds.
Begin MonoManager ReloadAssembly
Native extension for WindowsStandalone target not found
Refreshing native plugins compatible for Editor in 55.17 ms, found 1 plugins.
Preloading 0 native plugins for Editor in 0.00 ms.
Invoked RoslynAnalysisRunner static constructor.
RoslynAnalysisRunner will not be running.
RoslynAnalysisRunner has terminated.
Mono: successfully reloaded assembly
- Completed reload, in  1.903 seconds
Platform modules already initialized, skipping
========================================================================
Worker process is ready to serve import requests
Launched and connected shader compiler UnityShaderCompiler.exe after 0.08 seconds
Refreshing native plugins compatible for Editor in 0.83 ms, found 1 plugins.
Preloading 0 native plugins for Editor in 0.00 ms.
Unloading 1776 Unused Serialized files (Serialized files now loaded: 0)
System memory in use before: 86.5 MB.
System memory in use after: 86.6 MB.

Unloading 19 unused Assets to reduce memory usage. Loaded Objects now: 2226.
Total: 7.808100 ms (FindLiveObjects: 2.966200 ms CreateObjectMapping: 0.232900 ms MarkObjects: 4.499400 ms  DeleteObjects: 0.106200 ms)

========================================================================
Received Import Request.
  path: Assets/sport.cs
  artifactKey: Guid(86577d9863dbbb84ea9e6bf750fdacc3) Importer(815301076,1909f56bfc062723c751e8b465ee728b)
Start importing Assets/sport.cs using Guid(86577d9863dbbb84ea9e6bf750fdacc3) Importer(815301076,1909f56bfc062723c751e8b465ee728b)  -> (artifact id: 'f7c8e66d18aa9cc73d035cb5de82e6be') in 0.049567 seconds
  Import took 0.054659 seconds .

========================================================================
Received Import Request.
  Time since last request: 13.272788 seconds.
  path: Assets/sport.cs
  artifactKey: Guid(86577d9863dbbb84ea9e6bf750fdacc3) Importer(815301076,1909f56bfc062723c751e8b465ee728b)
Start importing Assets/sport.cs using Guid(86577d9863dbbb84ea9e6bf750fdacc3) Importer(815301076,1909f56bfc062723c751e8b465ee728b)  -> (artifact id: '143a0d3b67bd3ec61f76ac30471e5a92') in 0.002753 seconds
  Import took 0.008088 seconds .

========================================================================
Received Prepare
Registering precompiled user dll's ...
Registered in 0.001870 seconds.
Begin MonoManager ReloadAssembly
Native extension for WindowsStandalone target not found
Refreshing native plugins compatible for Editor in 0.65 ms, found 1 plugins.
Preloading 0 native plugins for Editor in 0.00 ms.
Invoked RoslynAnalysisRunner static constructor.
RoslynAnalysisRunner will not be running.
RoslynAnalysisRunner has terminated.
Mono: successfully reloaded assembly
- Completed reload, in  1.500 seconds
Platform modules already initialized, skipping
Refreshing native plugins compatible for Editor in 0.41 ms, found 1 plugins.
Preloading 0 native plugins for Editor in 0.00 ms.
Unloading 1768 Unused Serialized files (Serialized files now loaded: 0)
System memory in use before: 86.0 MB.
System memory in use after: 86.2 MB.

Unloading 8 unused Assets to reduce memory usage. Loaded Objects now: 2228.
Total: 2.516200 ms (FindLiveObjects: 0.403500 ms CreateObjectMapping: 0.100600 ms MarkObjects: 1.991600 ms  DeleteObjects: 0.019200 ms)

========================================================================
Received Prepare
Registering precompiled user dll's ...
Registered in 0.001398 seconds.
Begin MonoManager ReloadAssembly
Native extension for WindowsStandalone target not found
Refreshing native plugins compatible for Editor in 0.52 ms, found 1 plugins.
Preloading 0 native plugins for Editor in 0.00 ms.
Invoked RoslynAnalysisRunner static constructor.
RoslynAnalysisRunner will not be running.
RoslynAnalysisRunner has terminated.
Mono: successfully reloaded assembly
- Completed reload, in  1.071 seconds
Platform modules already initialized, skipping
Refreshing native plugins compatible for Editor in 0.42 ms, found 1 plugins.
Preloading 0 native plugins for Editor in 0.00 ms.
Unloading 1769 Unused Serialized files (Serialized files now loaded: 0)
System memory in use before: 86.1 MB.
System memory in use after: 86.3 MB.

Unloading 8 unused Assets to reduce memory usage. Loaded Objects now: 2230.
Total: 3.211500 ms (FindLiveObjects: 0.316700 ms CreateObjectMapping: 0.045500 ms MarkObjects: 2.823100 ms  DeleteObjects: 0.024400 ms)

AssetImportWorkerClient::OnTransportError - code=2 error=End of file
